[ 2017-01-10T11:04:32+08:00 ] 192.168.1.131 /lanzexitong/74cms_v4.1.5/upload/
INFO: Cron:ClearPromotion Runat 2017-01-10 11:04:31 Use 1.329076 s 
Cron:ClearExpiredSetmeal Runat 2017-01-10 11:04:32 Use -0.011001 s 

[ 2017-01-10T11:10:26+08:00 ] ::1 /lanzexitong/74cms_v4.1.5/upload/
INFO: Cron:AutoRefreshResume Runat 2017-01-10 11:10:26 Use 0.080004 s 
Cron:AutoRefreshJobs Runat 2017-01-10 11:10:26 Use 0.000000 s 

[ 2017-01-10T12:01:03+08:00 ] 192.168.1.111 /ls/
INFO: Cron:ClearPromotion Runat 2017-01-10 12:01:03 Use 0.044956 s 
Cron:ClearExpiredSetmeal Runat 2017-01-10 12:01:03 Use -0.000094 s 

[ 2017-01-10T14:07:18+08:00 ] 192.168.1.111 /ls/
INFO: Cron:ClearPromotion Runat 2017-01-10 14:07:18 Use 0.063049 s 
Cron:AutoRefreshResume Runat 2017-01-10 14:07:18 Use -0.000216 s 
Cron:AutoRefreshJobs Runat 2017-01-10 14:07:18 Use -0.006054 s 
Cron:ClearExpiredSetmeal Runat 2017-01-10 14:07:18 Use -0.007409 s 

[ 2017-01-10T15:02:03+08:00 ] ::1 /ls/index.php?m=home&c=index&a=index
INFO: Cron:ClearPromotion Runat 2017-01-10 15:02:03 Use 0.024794 s 
Cron:ClearExpiredSetmeal Runat 2017-01-10 15:02:03 Use -0.000145 s 

[ 2017-01-10T15:17:30+08:00 ] ::1 /ls/index.php?m=home&c=index&a=index
INFO: Cron:AutoRefreshResume Runat 2017-01-10 15:17:30 Use 0.013651 s 
Cron:AutoRefreshJobs Runat 2017-01-10 15:17:30 Use -0.000095 s 

[ 2017-01-10T16:01:34+08:00 ] ::1 /ls/index.php?m=home&c=index&a=index
INFO: Cron:ClearPromotion Runat 2017-01-10 16:01:34 Use 0.026575 s 
Cron:ClearExpiredSetmeal Runat 2017-01-10 16:01:34 Use -0.000104 s 

